::1 - [05/17/13 14:57:10] Runtime Notice: Accessing static property PigRecoa::$refP as non static (C:\wamp\www\prestashop_1.3.1\prestashop_1.3.1\prestashop\modules\pigrecoa\pigrecoa.php:52)
::1 - [05/17/13 14:57:10] Runtime Notice: Accessing static property PigRecoa::$refP as non static (C:\wamp\www\prestashop_1.3.1\prestashop_1.3.1\prestashop\modules\pigrecoa\pigrecoa.php:53)
::1 - [05/17/13 14:57:10] Notice: Undefined index: last (C:\wamp\www\prestashop_1.3.1\prestashop_1.3.1\prestashop\tools\smarty\compile\%%51^519^51928B03%%category-tree-branch.tpl.php:5)
::1 - [05/17/13 14:57:10] Notice: Undefined index: last (C:\wamp\www\prestashop_1.3.1\prestashop_1.3.1\prestashop\tools\smarty\compile\%%51^519^51928B03%%category-tree-branch.tpl.php:5)
::1 - [05/17/13 14:57:11] Notice: Use of undefined constant _PS_USE_SQL_SLAVE_ - assumed '_PS_USE_SQL_SLAVE_' (C:\wamp\www\prestashop_1.3.1\prestashop_1.3.1\prestashop\modules\pigrecoa\pigrecoa.php:177)
::1 - [05/17/13 14:57:11] Runtime Notice: Accessing static property PigRecoa::$refP as non static (C:\wamp\www\prestashop_1.3.1\prestashop_1.3.1\prestashop\modules\pigrecoa\pigrecoa.php:231)
::1 - [05/17/13 14:57:11] Runtime Notice: Accessing static property PigRecoa::$refP as non static (C:\wamp\www\prestashop_1.3.1\prestashop_1.3.1\prestashop\modules\pigrecoa\pigrecoa.php:795)
::1 - [05/17/13 14:57:11] Runtime Notice: Accessing static property PigRecoa::$refP as non static (C:\wamp\www\prestashop_1.3.1\prestashop_1.3.1\prestashop\modules\pigrecoa\pigrecoa.php:812)
::1 - [05/17/13 14:57:11] Runtime Notice: Accessing static property PigRecoa::$refP as non static (C:\wamp\www\prestashop_1.3.1\prestashop_1.3.1\prestashop\modules\pigrecoa\pigrecoa.php:813)
::1 - [05/17/13 14:57:11] Runtime Notice: Accessing static property PigRecoa::$refP as non static (C:\wamp\www\prestashop_1.3.1\prestashop_1.3.1\prestashop\modules\pigrecoa\pigrecoa.php:814)
::1 - [05/17/13 14:57:11] Runtime Notice: Accessing static property PigRecoa::$refP as non static (C:\wamp\www\prestashop_1.3.1\prestashop_1.3.1\prestashop\modules\pigrecoa\pigrecoa.php:815)
::1 - [05/17/13 14:57:11] Runtime Notice: Accessing static property PigRecoa::$refP as non static (C:\wamp\www\prestashop_1.3.1\prestashop_1.3.1\prestashop\modules\pigrecoa\pigrecoa.php:816)
::1 - [05/17/13 14:57:11] Runtime Notice: Accessing static property PigRecoa::$refP as non static (C:\wamp\www\prestashop_1.3.1\prestashop_1.3.1\prestashop\modules\pigrecoa\pigrecoa.php:818)
::1 - [05/17/13 14:57:11] Runtime Notice: Accessing static property PigRecoa::$refP as non static (C:\wamp\www\prestashop_1.3.1\prestashop_1.3.1\prestashop\modules\pigrecoa\pigrecoa.php:819)
::1 - [05/17/13 14:57:11] Runtime Notice: Accessing static property PigRecoa::$refP as non static (C:\wamp\www\prestashop_1.3.1\prestashop_1.3.1\prestashop\modules\pigrecoa\pigrecoa.php:821)
::1 - [05/17/13 14:57:11] Runtime Notice: Accessing static property PigRecoa::$refP as non static (C:\wamp\www\prestashop_1.3.1\prestashop_1.3.1\prestashop\modules\pigrecoa\pigrecoa.php:822)
::1 - [05/17/13 14:57:11] Notice: Undefined offset: 1 (C:\wamp\www\prestashop_1.3.1\prestashop_1.3.1\prestashop\modules\pigrecoa\pigrecoa.php:772)
::1 - [05/17/13 14:57:11] Notice: Undefined index: priceWithout (C:\wamp\www\prestashop_1.3.1\prestashop_1.3.1\prestashop\tools\smarty\compile\%%BB^BB2^BB2A1083%%pigfootertemplate.tpl.php:78)
::1 - [05/17/13 14:57:12] Notice: Undefined index: pictures_5_ (C:\wamp\www\prestashop_1.3.1\prestashop_1.3.1\prestashop\tools\smarty\compile\%%2C^2C9^2C9FC063%%product.tpl.php:85)
::1 - [05/17/13 14:57:12] Notice: Undefined index: confirmation (C:\wamp\www\prestashop_1.3.1\prestashop_1.3.1\prestashop\tools\smarty\compile\%%2C^2C9^2C9FC063%%product.tpl.php:170)
::1 - [05/17/13 14:57:13] Notice: Undefined index: objOrder (C:\wamp\www\prestashop_1.3.1\prestashop_1.3.1\prestashop\modules\pigrecoa\pigrecoa.php:727)
::1 - [05/17/13 14:57:13] Notice: Trying to get property of non-object (C:\wamp\www\prestashop_1.3.1\prestashop_1.3.1\prestashop\modules\pigrecoa\pigrecoa.php:727)
::1 - [05/17/13 14:57:13] Notice: Undefined property: Smarty::$tpl_vars (C:\wamp\www\prestashop_1.3.1\prestashop_1.3.1\prestashop\modules\pigrecoa\pigrecoa.php:731)
::1 - [05/17/13 14:57:13] Notice: Trying to get property of non-object (C:\wamp\www\prestashop_1.3.1\prestashop_1.3.1\prestashop\modules\pigrecoa\pigrecoa.php:731)
::1 - [05/17/13 14:57:13] Notice: Undefined property: Smarty::$tpl_vars (C:\wamp\www\prestashop_1.3.1\prestashop_1.3.1\prestashop\modules\pigrecoa\pigrecoa.php:732)
::1 - [05/17/13 14:57:13] Notice: Trying to get property of non-object (C:\wamp\www\prestashop_1.3.1\prestashop_1.3.1\prestashop\modules\pigrecoa\pigrecoa.php:732)
::1 - [05/17/13 14:57:13] Notice: Undefined index: objOrder (C:\wamp\www\prestashop_1.3.1\prestashop_1.3.1\prestashop\modules\pigrecoa\pigrecoa.php:742)
::1 - [05/17/13 14:57:13] Notice: Trying to get property of non-object (C:\wamp\www\prestashop_1.3.1\prestashop_1.3.1\prestashop\modules\pigrecoa\pigrecoa.php:742)
::1 - [05/17/13 14:57:13] Notice: Undefined variable: data (C:\wamp\www\prestashop_1.3.1\prestashop_1.3.1\prestashop\modules\pigrecoa\pigrecoa.php:764)
::1 - [05/17/13 14:57:13] Notice: Undefined variable: trackEcommerceOrder (C:\wamp\www\prestashop_1.3.1\prestashop_1.3.1\prestashop\modules\pigrecoa\class\pigrecommendationapi.php:182)
